Fri 17 Apr 2026 10:11:00 BST: Checking VPS fleet nodes reachability
Fri 17 Apr 2026 10:11:00 BST: Pinging sentry
Fri 17 Apr 2026 10:11:00 BST: sentry is unreachable
Fri 17 Apr 2026 10:11:00 BST: Pinging patch
Fri 17 Apr 2026 10:11:00 BST: patch is unreachable
Fri 17 Apr 2026 10:11:00 BST: Pinging sage
Fri 17 Apr 2026 10:11:00 BST: sage is unreachable
Fri 17 Apr 2026 10:11:00 BST: Pinging forge
Fri 17 Apr 2026 10:11:00 BST: forge is unreachable
Fri 17 Apr 2026 10:11:00 BST: Pinging lark
Fri 17 Apr 2026 10:11:00 BST: lark is unreachable
Fri 17 Apr 2026 10:11:00 BST: Reachability check completed
Fri 17 Apr 2026 10:11:07 BST: Checking VPS fleet nodes reachability
Fri 17 Apr 2026 10:11:07 BST: Pinging sentry
Fri 17 Apr 2026 10:11:07 BST: sentry is unreachable
Fri 17 Apr 2026 10:11:07 BST: Pinging patch
Fri 17 Apr 2026 10:11:07 BST: patch is unreachable
Fri 17 Apr 2026 10:11:07 BST: Pinging sage
Fri 17 Apr 2026 10:11:08 BST: sage is unreachable
Fri 17 Apr 2026 10:11:08 BST: Pinging forge
Fri 17 Apr 2026 10:11:08 BST: forge is unreachable
Fri 17 Apr 2026 10:11:08 BST: Pinging lark
Fri 17 Apr 2026 10:11:08 BST: lark is unreachable
Fri 17 Apr 2026 10:11:08 BST: Reachability check completed
Fri 17 Apr 2026 10:11:42 BST: Checking VPS fleet nodes reachability
Fri 17 Apr 2026 10:11:42 BST: Pinging sentry
Fri 17 Apr 2026 10:11:42 BST: sentry is unreachable
Fri 17 Apr 2026 10:11:42 BST: Pinging patch
Fri 17 Apr 2026 10:11:42 BST: patch is unreachable
Fri 17 Apr 2026 10:11:42 BST: Pinging sage
Fri 17 Apr 2026 10:11:42 BST: sage is unreachable
Fri 17 Apr 2026 10:11:42 BST: Pinging forge
Fri 17 Apr 2026 10:11:42 BST: forge is unreachable
Fri 17 Apr 2026 10:11:42 BST: Pinging lark
Fri 17 Apr 2026 10:11:42 BST: lark is unreachable
Fri 17 Apr 2026 10:11:42 BST: Reachability check completed
Fri 17 Apr 2026 10:11:50 BST: Checking VPS fleet nodes reachability
Fri 17 Apr 2026 10:11:50 BST: Pinging sentry
Fri 17 Apr 2026 10:11:50 BST: sentry is unreachable
Fri 17 Apr 2026 10:11:50 BST: Pinging patch
Fri 17 Apr 2026 10:11:50 BST: patch is unreachable
Fri 17 Apr 2026 10:11:50 BST: Pinging sage
Fri 17 Apr 2026 10:11:50 BST: sage is unreachable
Fri 17 Apr 2026 10:11:50 BST: Pinging forge
