2026-06-09T23:17:10Z INF Thank you for trying Cloudflare Tunnel. Doing so, without a Cloudflare account, is a quick way to experiment and try it out. However, be aware that these account-less Tunnels have no uptime guarantee, are subject to the Cloudflare Online Services Terms of Use (https://www.cloudflare.com/website-terms/), and Cloudflare reserves the right to investigate your use of Tunnels for violations of such terms. If you intend to use Tunnels in production you should use a pre-created named tunnel by following: https://developers.cloudflare.com/cloudflare-one/connections/connect-apps
2026-06-09T23:17:10Z INF Requesting new quick Tunnel on trycloudflare.com...
2026-06-09T23:17:14Z INF +--------------------------------------------------------------------------------------------+
2026-06-09T23:17:14Z INF |  Your quick Tunnel has been created! Visit it at (it may take some time to be reachable):  |
2026-06-09T23:17:14Z INF |  https://epson-spaces-concluded-complex.trycloudflare.com                                  |
2026-06-09T23:17:14Z INF +--------------------------------------------------------------------------------------------+
2026-06-09T23:17:14Z INF Cannot determine default configuration path. No file [config.yml config.yaml] in [~/.cloudflared ~/.cloudflare-warp ~/cloudflare-warp /etc/cloudflared /usr/local/etc/cloudflared]
2026-06-09T23:17:14Z INF Version 2026.6.0 (Checksum c994e7d1096202a7937b485610f1c80ca69cfd822de945ce8d167e6856a2c09e)
2026-06-09T23:17:14Z INF GOOS: darwin, GOVersion: go1.26.4, GoArch: arm64
2026-06-09T23:17:14Z INF Settings: map[ha-connections:1 http-host-header:youspeak.kingdom no-autoupdate:true protocol:quic url:http://127.0.0.1:80]
2026-06-09T23:17:14Z INF cloudflared will not automatically update if installed by a package manager.
2026-06-09T23:17:14Z INF Generated Connector ID: f14cb0ad-0566-4bdf-ab58-4827187f7789
2026-06-09T23:17:14Z INF Initial protocol quic
2026-06-09T23:17:14Z INF ICMP proxy will use 192.168.50.65 as source for IPv4
2026-06-09T23:17:14Z INF ICMP proxy will use fe80::c45:aa86:a47e:8524 in zone en0 as source for IPv6
2026-06-09T23:17:14Z INF Created ICMP proxy listening on 192.168.50.65:0
2026-06-09T23:17:14Z INF ICMP proxy will use 192.168.50.65 as source for IPv4
2026-06-09T23:17:14Z INF ICMP proxy will use fe80::c45:aa86:a47e:8524 in zone en0 as source for IPv6
2026-06-09T23:17:14Z INF Starting metrics server on 127.0.0.1:20241/metrics
2026-06-09T23:17:14Z INF Tunnel connection curve preferences: [X25519MLKEM768 CurveID(65074) CurveP256] connIndex=0 event=0 ip=198.41.192.227
2026-06-09T23:17:15Z INF Registered tunnel connection connIndex=0 connection=d01e704c-9580-451d-b3b1-27cf5e9a1a8c event=0 ip=198.41.192.227 location=lhr18 protocol=quic
2026-06-09T23:17:21Z INF +-------------------------------------------------------------------------------------+
2026-06-09T23:17:21Z INF |                               CONNECTIVITY PRE-CHECKS                               |
2026-06-09T23:17:21Z INF +-------------------------------------------------------------------------------------+
2026-06-09T23:17:21Z INF |  COMPONENT         TARGET                     STATUS  DETAILS                       |
2026-06-09T23:17:21Z INF |  DNS Resolution    region1.v2.argotunnel.com  PASS    DNS Resolved successfully     |
2026-06-09T23:17:21Z INF |  DNS Resolution    region2.v2.argotunnel.com  PASS    DNS Resolved successfully     |
2026-06-09T23:17:21Z INF |  UDP Connectivity  region1.v2.argotunnel.com  PASS    QUIC connection successful    |
2026-06-09T23:17:21Z INF |  UDP Connectivity  region2.v2.argotunnel.com  PASS    QUIC connection successful    |
2026-06-09T23:17:21Z INF |  TCP Connectivity  region1.v2.argotunnel.com  PASS    HTTP/2 connection successful  |
2026-06-09T23:17:21Z INF |  TCP Connectivity  region2.v2.argotunnel.com  PASS    HTTP/2 connection successful  |
2026-06-09T23:17:21Z INF |  Cloudflare API    api.cloudflare.com:443     PASS    API is reachable              |
2026-06-09T23:17:21Z INF |                                                                                     |
2026-06-09T23:17:21Z INF |  SUMMARY: Environment is healthy. cloudflared will use 'quic' as primary protocol.  |
2026-06-09T23:17:21Z INF +-------------------------------------------------------------------------------------+
2026-06-09T23:17:21Z INF precheck component="DNS Resolution" details="DNS Resolved successfully" run_id=8cb01c7d-1f57-4741-afe5-33221b185e49 status=pass target=region1.v2.argotunnel.com
2026-06-09T23:17:21Z INF precheck component="DNS Resolution" details="DNS Resolved successfully" run_id=8cb01c7d-1f57-4741-afe5-33221b185e49 status=pass target=region2.v2.argotunnel.com
2026-06-09T23:17:21Z INF precheck component="UDP Connectivity" details="QUIC connection successful" run_id=8cb01c7d-1f57-4741-afe5-33221b185e49 status=pass target=region1.v2.argotunnel.com
2026-06-09T23:17:21Z INF precheck component="UDP Connectivity" details="QUIC connection successful" run_id=8cb01c7d-1f57-4741-afe5-33221b185e49 status=pass target=region2.v2.argotunnel.com
2026-06-09T23:17:21Z INF precheck component="TCP Connectivity" details="HTTP/2 connection successful" run_id=8cb01c7d-1f57-4741-afe5-33221b185e49 status=pass target=region1.v2.argotunnel.com
2026-06-09T23:17:21Z INF precheck component="TCP Connectivity" details="HTTP/2 connection successful" run_id=8cb01c7d-1f57-4741-afe5-33221b185e49 status=pass target=region2.v2.argotunnel.com
2026-06-09T23:17:21Z INF precheck component="Cloudflare API" details="API is reachable" run_id=8cb01c7d-1f57-4741-afe5-33221b185e49 status=pass target=api.cloudflare.com:443
2026-06-09T23:17:21Z INF precheck complete hard_fail=false run_id=8cb01c7d-1f57-4741-afe5-33221b185e49 suggested_protocol=quic
